//------------------------------------------------------------------------------
//--  Generated by TunerStudio 
//--  Date: 3-22-2015
//--  Time: 15:24
//--  This file merely records what was sent to your Controller,        
//--  and may be deleted at any time.                                                    
//--  Selected type: Air Temperature Sensor 
//------------------------------------------------------------------------------

//-- generated using refTable Generator:thermGenerator
//-- Table Identifier:001//--    Generated by ThermTableGenerator using user input values. 
//--    Bias Resistor value: 2490.0 Ohms
//--    Temperature1: 0.0(C), 	Resistance 1: 94000.0 Ohms 
//--    Temperature2: 50.0(C), 	Resistance 2: 11000.0 Ohms 
//--    Temperature3: 98.0(C), 	Resistance 3: 2370.0 Ohms 
//-- 

//----------------------------------------------------------//
ADC 	Value 	MSVal 	volts
0	70.00	700 	0.000
1	70.00	700 	0.005
2	70.00	700 	0.010
3	70.00	700 	0.015
4	70.00	700 	0.020
5	70.00	700 	0.024
6	70.00	700 	0.029
7	70.00	700 	0.034
8	70.00	700 	0.039
9	70.00	700 	0.044
10	70.00	700 	0.049
11	70.00	700 	0.054
12	70.00	700 	0.059
13	70.00	700 	0.063
14	70.00	700 	0.068
15	70.00	700 	0.073
16	70.00	700 	0.078
17	70.00	700 	0.083
18	70.00	700 	0.088
19	70.00	700 	0.093
20	70.00	700 	0.098
21	70.00	700 	0.103
22	70.00	700 	0.107
23	70.00	700 	0.112
24	70.00	700 	0.117
25	70.00	700 	0.122
26	70.00	700 	0.127
27	70.00	700 	0.132
28	70.00	700 	0.137
29	70.00	700 	0.142
30	70.00	700 	0.146
31	70.00	700 	0.151
32	70.00	700 	0.156
33	70.00	700 	0.161
34	70.00	700 	0.166
35	70.00	700 	0.171
36	70.00	700 	0.176
37	70.00	700 	0.181
38	70.00	700 	0.186
39	70.00	700 	0.190
40	70.00	700 	0.195
41	70.00	700 	0.200
42	70.00	700 	0.205
43	70.00	700 	0.210
44	70.00	700 	0.215
45	70.00	700 	0.220
46	70.00	700 	0.225
47	70.00	700 	0.229
48	70.00	700 	0.234
49	70.00	700 	0.239
50	70.00	700 	0.244
51	70.00	700 	0.249
52	70.00	700 	0.254
53	70.00	700 	0.259
54	70.00	700 	0.264
55	70.00	700 	0.269
56	70.00	700 	0.273
57	70.00	700 	0.278
58	70.00	700 	0.283
59	70.00	700 	0.288
60	70.00	700 	0.293
61	70.00	700 	0.298
62	70.00	700 	0.303
63	70.00	700 	0.308
64	70.00	700 	0.313
65	70.00	700 	0.317
66	70.00	700 	0.322
67	70.00	700 	0.327
68	70.00	700 	0.332
69	70.00	700 	0.337
70	70.00	700 	0.342
71	70.00	700 	0.347
72	70.00	700 	0.352
73	70.00	700 	0.356
74	70.00	700 	0.361
75	70.00	700 	0.366
76	70.00	700 	0.371
77	70.00	700 	0.376
78	70.00	700 	0.381
79	70.00	700 	0.386
80	70.00	700 	0.391
81	70.00	700 	0.396
82	70.00	700 	0.400
83	70.00	700 	0.405
84	70.00	700 	0.410
85	70.00	700 	0.415
86	70.00	700 	0.420
87	70.00	700 	0.425
88	70.00	700 	0.430
89	70.00	700 	0.435
90	70.00	700 	0.439
91	70.00	700 	0.444
92	70.00	700 	0.449
93	70.00	700 	0.454
94	70.00	700 	0.459
95	70.00	700 	0.464
96	70.00	700 	0.469
97	70.00	700 	0.474
98	70.00	700 	0.479
99	70.00	700 	0.483
100	70.00	700 	0.488
101	70.00	700 	0.493
102	70.00	700 	0.498
103	70.00	700 	0.503
104	70.00	700 	0.508
105	70.00	700 	0.513
106	70.00	700 	0.518
107	70.00	700 	0.522
108	70.00	700 	0.527
109	70.00	700 	0.532
110	70.00	700 	0.537
111	70.00	700 	0.542
112	70.00	700 	0.547
113	70.00	700 	0.552
114	70.00	700 	0.557
115	70.00	700 	0.562
116	70.00	700 	0.566
117	70.00	700 	0.571
118	70.00	700 	0.576
119	70.00	700 	0.581
120	70.00	700 	0.586
121	70.00	700 	0.591
122	70.00	700 	0.596
123	70.00	700 	0.601
124	70.00	700 	0.605
125	70.00	700 	0.610
126	70.00	700 	0.615
127	70.00	700 	0.620
128	70.00	700 	0.625
129	70.00	700 	0.630
130	70.00	700 	0.635
131	70.00	700 	0.640
132	70.00	700 	0.645
133	70.00	700 	0.649
134	70.00	700 	0.654
135	70.00	700 	0.659
136	70.00	700 	0.664
137	349.34	3493 	0.669
138	348.56	3486 	0.674
139	347.78	3478 	0.679
140	347.01	3470 	0.684
141	346.24	3462 	0.688
142	345.48	3455 	0.693
143	344.73	3447 	0.698
144	343.98	3440 	0.703
145	343.23	3432 	0.708
146	342.50	3425 	0.713
147	341.77	3418 	0.718
148	341.04	3410 	0.723
149	340.32	3403 	0.728
150	339.60	3396 	0.732
151	338.89	3389 	0.737
152	338.19	3382 	0.742
153	337.48	3375 	0.747
154	336.79	3368 	0.752
155	336.10	3361 	0.757
156	335.41	3354 	0.762
157	334.73	3347 	0.767
158	334.05	3341 	0.771
159	333.38	3334 	0.776
160	332.72	3327 	0.781
161	332.05	3321 	0.786
162	331.39	3314 	0.791
163	330.74	3307 	0.796
164	330.09	3301 	0.801
165	329.44	3294 	0.806
166	328.80	3288 	0.811
167	328.17	3282 	0.815
168	327.53	3275 	0.820
169	326.90	3269 	0.825
170	326.28	3263 	0.830
171	325.66	3257 	0.835
172	325.04	3250 	0.840
173	324.43	3244 	0.845
174	323.82	3238 	0.850
175	323.21	3232 	0.854
176	322.61	3226 	0.859
177	322.01	3220 	0.864
178	321.41	3214 	0.869
179	320.82	3208 	0.874
180	320.23	3202 	0.879
181	319.65	3196 	0.884
182	319.07	3191 	0.889
183	318.49	3185 	0.894
184	317.91	3179 	0.898
185	317.34	3173 	0.903
186	316.77	3168 	0.908
187	316.21	3162 	0.913
188	315.64	3156 	0.918
189	315.09	3151 	0.923
190	314.53	3145 	0.928
191	313.98	3140 	0.933
192	313.43	3134 	0.938
193	312.88	3129 	0.942
194	312.34	3123 	0.947
195	311.79	3118 	0.952
196	311.26	3113 	0.957
197	310.72	3107 	0.962
198	310.19	3102 	0.967
199	309.66	3097 	0.972
200	309.13	3091 	0.977
201	308.61	3086 	0.981
202	308.08	3081 	0.986
203	307.56	3076 	0.991
204	307.05	3070 	0.996
205	306.53	3065 	1.001
206	306.02	3060 	1.006
207	305.51	3055 	1.011
208	305.01	3050 	1.016
209	304.50	3045 	1.021
210	304.00	3040 	1.025
211	303.50	3035 	1.030
212	303.01	3030 	1.035
213	302.51	3025 	1.040
214	302.02	3020 	1.045
215	301.53	3015 	1.050
216	301.04	3010 	1.055
217	300.56	3006 	1.060
218	300.07	3001 	1.064
219	299.59	2996 	1.069
220	299.11	2991 	1.074
221	298.64	2986 	1.079
222	298.16	2982 	1.084
223	297.69	2977 	1.089
224	297.22	2972 	1.094
225	296.75	2968 	1.099
226	296.29	2963 	1.104
227	295.82	2958 	1.108
228	295.36	2954 	1.113
229	294.90	2949 	1.118
230	294.44	2944 	1.123
231	293.99	2940 	1.128
232	293.53	2935 	1.133
233	293.08	2931 	1.138
234	292.63	2926 	1.143
235	292.18	2922 	1.147
236	291.73	2917 	1.152
237	291.29	2913 	1.157
238	290.85	2908 	1.162
239	290.41	2904 	1.167
240	289.97	2900 	1.172
241	289.53	2895 	1.177
242	289.09	2891 	1.182
243	288.66	2887 	1.187
244	288.23	2882 	1.191
245	287.80	2878 	1.196
246	287.37	2874 	1.201
247	286.94	2869 	1.206
248	286.51	2865 	1.211
249	286.09	2861 	1.216
250	285.67	2857 	1.221
251	285.25	2852 	1.226
252	284.83	2848 	1.230
253	284.41	2844 	1.235
254	283.99	2840 	1.240
255	283.58	2836 	1.245
256	283.17	2832 	1.250
257	282.76	2828 	1.255
258	282.35	2823 	1.260
259	281.94	2819 	1.265
260	281.53	2815 	1.270
261	281.12	2811 	1.274
262	280.72	2807 	1.279
263	280.32	2803 	1.284
264	279.92	2799 	1.289
265	279.52	2795 	1.294
266	279.12	2791 	1.299
267	278.72	2787 	1.304
268	278.33	2783 	1.309
269	277.93	2779 	1.313
270	277.54	2775 	1.318
271	277.15	2771 	1.323
272	276.76	2768 	1.328
273	276.37	2764 	1.333
274	275.98	2760 	1.338
275	275.59	2756 	1.343
276	275.21	2752 	1.348
277	274.82	2748 	1.353
278	274.44	2744 	1.357
279	274.06	2741 	1.362
280	273.68	2737 	1.367
281	273.30	2733 	1.372
282	272.92	2729 	1.377
283	272.55	2725 	1.382
284	272.17	2722 	1.387
285	271.80	2718 	1.392
286	271.43	2714 	1.396
287	271.05	2711 	1.401
288	270.68	2707 	1.406
289	270.32	2703 	1.411
290	269.95	2699 	1.416
291	269.58	2696 	1.421
292	269.21	2692 	1.426
293	268.85	2688 	1.431
294	268.49	2685 	1.436
295	268.12	2681 	1.440
296	267.76	2678 	1.445
297	267.40	2674 	1.450
298	267.04	2670 	1.455
299	266.68	2667 	1.460
300	266.33	2663 	1.465
301	265.97	2660 	1.470
302	265.61	2656 	1.475
303	265.26	2653 	1.479
304	264.91	2649 	1.484
305	264.55	2646 	1.489
306	264.20	2642 	1.494
307	263.85	2639 	1.499
308	263.50	2635 	1.504
309	263.15	2632 	1.509
310	262.81	2628 	1.514
311	262.46	2625 	1.519
312	262.12	2621 	1.523
313	261.77	2618 	1.528
314	261.43	2614 	1.533
315	261.09	2611 	1.538
316	260.74	2607 	1.543
317	260.40	2604 	1.548
318	260.06	2601 	1.553
319	259.72	2597 	1.558
320	259.39	2594 	1.563
321	259.05	2590 	1.567
322	258.71	2587 	1.572
323	258.38	2584 	1.577
324	258.04	2580 	1.582
325	257.71	2577 	1.587
326	257.38	2574 	1.592
327	257.04	2570 	1.597
328	256.71	2567 	1.602
329	256.38	2564 	1.606
330	256.05	2561 	1.611
331	255.72	2557 	1.616
332	255.40	2554 	1.621
333	255.07	2551 	1.626
334	254.74	2547 	1.631
335	254.42	2544 	1.636
336	254.09	2541 	1.641
337	253.77	2538 	1.646
338	253.44	2534 	1.650
339	253.12	2531 	1.655
340	252.80	2528 	1.660
341	252.48	2525 	1.665
342	252.16	2522 	1.670
343	251.84	2518 	1.675
344	251.52	2515 	1.680
345	251.20	2512 	1.685
346	250.89	2509 	1.689
347	250.57	2506 	1.694
348	250.25	2503 	1.699
349	249.94	2499 	1.704
350	249.62	2496 	1.709
351	249.31	2493 	1.714
352	249.00	2490 	1.719
353	248.69	2487 	1.724
354	248.37	2484 	1.729
355	248.06	2481 	1.733
356	247.75	2478 	1.738
357	247.44	2474 	1.743
358	247.14	2471 	1.748
359	246.83	2468 	1.753
360	246.52	2465 	1.758
361	246.21	2462 	1.763
362	245.91	2459 	1.768
363	245.60	2456 	1.772
364	245.30	2453 	1.777
365	244.99	2450 	1.782
366	244.69	2447 	1.787
367	244.38	2444 	1.792
368	244.08	2441 	1.797
369	243.78	2438 	1.802
370	243.48	2435 	1.807
371	243.18	2432 	1.812
372	242.88	2429 	1.816
373	242.58	2426 	1.821
374	242.28	2423 	1.826
375	241.98	2420 	1.831
376	241.68	2417 	1.836
377	241.39	2414 	1.841
378	241.09	2411 	1.846
379	240.79	2408 	1.851
380	240.50	2405 	1.855
381	240.20	2402 	1.860
382	239.91	2399 	1.865
383	239.62	2396 	1.870
384	239.32	2393 	1.875
385	239.03	2390 	1.880
386	238.74	2387 	1.885
387	238.45	2384 	1.890
388	238.15	2382 	1.895
389	237.86	2379 	1.899
390	237.57	2376 	1.904
391	237.28	2373 	1.909
392	237.00	2370 	1.914
393	236.71	2367 	1.919
394	236.42	2364 	1.924
395	236.13	2361 	1.929
396	235.84	2358 	1.934
397	235.56	2356 	1.938
398	235.27	2353 	1.943
399	234.99	2350 	1.948
400	234.70	2347 	1.953
401	234.42	2344 	1.958
402	234.13	2341 	1.963
403	233.85	2338 	1.968
404	233.57	2336 	1.973
405	233.28	2333 	1.978
406	233.00	2330 	1.982
407	232.72	2327 	1.987
408	232.44	2324 	1.992
409	232.16	2322 	1.997
410	231.88	2319 	2.002
411	231.60	2316 	2.007
412	231.32	2313 	2.012
413	231.04	2310 	2.017
414	230.76	2308 	2.021
415	230.48	2305 	2.026
416	230.21	2302 	2.031
417	229.93	2299 	2.036
418	229.65	2297 	2.041
419	229.37	2294 	2.046
420	229.10	2291 	2.051
421	228.82	2288 	2.056
422	228.55	2285 	2.061
423	228.27	2283 	2.065
424	228.00	2280 	2.070
425	227.72	2277 	2.075
426	227.45	2275 	2.080
427	227.18	2272 	2.085
428	226.91	2269 	2.090
429	226.63	2266 	2.095
430	226.36	2264 	2.100
431	226.09	2261 	2.104
432	225.82	2258 	2.109
433	225.55	2255 	2.114
434	225.28	2253 	2.119
435	225.01	2250 	2.124
436	224.74	2247 	2.129
437	224.47	2245 	2.134
438	224.20	2242 	2.139
439	223.93	2239 	2.144
440	223.66	2237 	2.148
441	223.39	2234 	2.153
442	223.13	2231 	2.158
443	222.86	2229 	2.163
444	222.59	2226 	2.168
445	222.33	2223 	2.173
446	222.06	2221 	2.178
447	221.79	2218 	2.183
448	221.53	2215 	2.188
449	221.26	2213 	2.192
450	221.00	2210 	2.197
451	220.73	2207 	2.202
452	220.47	2205 	2.207
453	220.20	2202 	2.212
454	219.94	2199 	2.217
455	219.68	2197 	2.222
456	219.41	2194 	2.227
457	219.15	2192 	2.231
458	218.89	2189 	2.236
459	218.63	2186 	2.241
460	218.37	2184 	2.246
461	218.10	2181 	2.251
462	217.84	2178 	2.256
463	217.58	2176 	2.261
464	217.32	2173 	2.266
465	217.06	2171 	2.271
466	216.80	2168 	2.275
467	216.54	2165 	2.280
468	216.28	2163 	2.285
469	216.02	2160 	2.290
470	215.76	2158 	2.295
471	215.51	2155 	2.300
472	215.25	2152 	2.305
473	214.99	2150 	2.310
474	214.73	2147 	2.314
475	214.47	2145 	2.319
476	214.22	2142 	2.324
477	213.96	2140 	2.329
478	213.70	2137 	2.334
479	213.45	2134 	2.339
480	213.19	2132 	2.344
481	212.93	2129 	2.349
482	212.68	2127 	2.354
483	212.42	2124 	2.358
484	212.17	2122 	2.363
485	211.91	2119 	2.368
486	211.66	2117 	2.373
487	211.40	2114 	2.378
488	211.15	2111 	2.383
489	210.90	2109 	2.388
490	210.64	2106 	2.393
491	210.39	2104 	2.397
492	210.13	2101 	2.402
493	209.88	2099 	2.407
494	209.63	2096 	2.412
495	209.38	2094 	2.417
496	209.12	2091 	2.422
497	208.87	2089 	2.427
498	208.62	2086 	2.432
499	208.37	2084 	2.437
500	208.12	2081 	2.441
501	207.86	2079 	2.446
502	207.61	2076 	2.451
503	207.36	2074 	2.456
504	207.11	2071 	2.461
505	206.86	2069 	2.466
506	206.61	2066 	2.471
507	206.36	2064 	2.476
508	206.11	2061 	2.480
509	205.86	2059 	2.485
510	205.61	2056 	2.490
511	205.36	2054 	2.495
512	205.11	2051 	2.500
513	204.86	2049 	2.505
514	204.61	2046 	2.510
515	204.36	2044 	2.515
516	204.12	2041 	2.520
517	203.87	2039 	2.524
518	203.62	2036 	2.529
519	203.37	2034 	2.534
520	203.12	2031 	2.539
521	202.88	2029 	2.544
522	202.63	2026 	2.549
523	202.38	2024 	2.554
524	202.13	2021 	2.559
525	201.89	2019 	2.563
526	201.64	2016 	2.568
527	201.39	2014 	2.573
528	201.15	2011 	2.578
529	200.90	2009 	2.583
530	200.65	2007 	2.588
531	200.41	2004 	2.593
532	200.16	2002 	2.598
533	199.91	1999 	2.603
534	199.67	1997 	2.607
535	199.42	1994 	2.612
536	199.18	1992 	2.617
537	198.93	1989 	2.622
538	198.69	1987 	2.627
539	198.44	1984 	2.632
540	198.20	1982 	2.637
541	197.95	1980 	2.642
542	197.71	1977 	2.646
543	197.46	1975 	2.651
544	197.22	1972 	2.656
545	196.97	1970 	2.661
546	196.73	1967 	2.666
547	196.48	1965 	2.671
548	196.24	1962 	2.676
549	196.00	1960 	2.681
550	195.75	1958 	2.686
551	195.51	1955 	2.690
552	195.27	1953 	2.695
553	195.02	1950 	2.700
554	194.78	1948 	2.705
555	194.54	1945 	2.710
556	194.29	1943 	2.715
557	194.05	1940 	2.720
558	193.81	1938 	2.725
559	193.56	1936 	2.729
560	193.32	1933 	2.734
561	193.08	1931 	2.739
562	192.83	1928 	2.744
563	192.59	1926 	2.749
564	192.35	1923 	2.754
565	192.11	1921 	2.759
566	191.86	1919 	2.764
567	191.62	1916 	2.769
568	191.38	1914 	2.773
569	191.14	1911 	2.778
570	190.89	1909 	2.783
571	190.65	1907 	2.788
572	190.41	1904 	2.793
573	190.17	1902 	2.798
574	189.93	1899 	2.803
575	189.68	1897 	2.808
576	189.44	1894 	2.813
577	189.20	1892 	2.817
578	188.96	1890 	2.822
579	188.72	1887 	2.827
580	188.48	1885 	2.832
581	188.23	1882 	2.837
582	187.99	1880 	2.842
583	187.75	1878 	2.847
584	187.51	1875 	2.852
585	187.27	1873 	2.856
586	187.03	1870 	2.861
587	186.79	1868 	2.866
588	186.54	1865 	2.871
589	186.30	1863 	2.876
590	186.06	1861 	2.881
591	185.82	1858 	2.886
592	185.58	1856 	2.891
593	185.34	1853 	2.896
594	185.10	1851 	2.900
595	184.86	1849 	2.905
596	184.61	1846 	2.910
597	184.37	1844 	2.915
598	184.13	1841 	2.920
599	183.89	1839 	2.925
600	183.65	1837 	2.930
601	183.41	1834 	2.935
602	183.17	1832 	2.939
603	182.93	1829 	2.944
604	182.69	1827 	2.949
605	182.45	1824 	2.954
606	182.20	1822 	2.959
607	181.96	1820 	2.964
608	181.72	1817 	2.969
609	181.48	1815 	2.974
610	181.24	1812 	2.979
611	181.00	1810 	2.983
612	180.76	1808 	2.988
613	180.52	1805 	2.993
614	180.28	1803 	2.998
615	180.03	1800 	3.003
616	179.79	1798 	3.008
617	179.55	1796 	3.013
618	179.31	1793 	3.018
619	179.07	1791 	3.022
620	178.83	1788 	3.027
621	178.59	1786 	3.032
622	178.35	1783 	3.037
623	178.10	1781 	3.042
624	177.86	1779 	3.047
625	177.62	1776 	3.052
626	177.38	1774 	3.057
627	177.14	1771 	3.062
628	176.90	1769 	3.066
629	176.65	1767 	3.071
630	176.41	1764 	3.076
631	176.17	1762 	3.081
632	175.93	1759 	3.086
633	175.69	1757 	3.091
634	175.45	1754 	3.096
635	175.20	1752 	3.101
636	174.96	1750 	3.105
637	174.72	1747 	3.110
638	174.48	1745 	3.115
639	174.23	1742 	3.120
640	173.99	1740 	3.125
641	173.75	1737 	3.130
642	173.51	1735 	3.135
643	173.26	1733 	3.140
644	173.02	1730 	3.145
645	172.78	1728 	3.149
646	172.54	1725 	3.154
647	172.29	1723 	3.159
648	172.05	1721 	3.164
649	171.81	1718 	3.169
650	171.56	1716 	3.174
651	171.32	1713 	3.179
652	171.08	1711 	3.184
653	170.83	1708 	3.188
654	170.59	1706 	3.193
655	170.35	1703 	3.198
656	170.10	1701 	3.203
657	169.86	1699 	3.208
658	169.61	1696 	3.213
659	169.37	1694 	3.218
660	169.13	1691 	3.223
661	168.88	1689 	3.228
662	168.64	1686 	3.232
663	168.39	1684 	3.237
664	168.15	1681 	3.242
665	167.90	1679 	3.247
666	167.66	1677 	3.252
667	167.41	1674 	3.257
668	167.17	1672 	3.262
669	166.92	1669 	3.267
670	166.68	1667 	3.271
671	166.43	1664 	3.276
672	166.18	1662 	3.281
673	165.94	1659 	3.286
674	165.69	1657 	3.291
675	165.45	1654 	3.296
676	165.20	1652 	3.301
677	164.95	1650 	3.306
678	164.71	1647 	3.311
679	164.46	1645 	3.315
680	164.21	1642 	3.320
681	163.96	1640 	3.325
682	163.72	1637 	3.330
683	163.47	1635 	3.335
684	163.22	1632 	3.340
685	162.97	1630 	3.345
686	162.73	1627 	3.350
687	162.48	1625 	3.354
688	162.23	1622 	3.359
689	161.98	1620 	3.364
690	161.73	1617 	3.369
691	161.48	1615 	3.374
692	161.23	1612 	3.379
693	160.98	1610 	3.384
694	160.73	1607 	3.389
695	160.48	1605 	3.394
696	160.23	1602 	3.398
697	159.98	1600 	3.403
698	159.73	1597 	3.408
699	159.48	1595 	3.413
700	159.23	1592 	3.418
701	158.98	1590 	3.423
702	158.73	1587 	3.428
703	158.48	1585 	3.433
704	158.22	1582 	3.438
705	157.97	1580 	3.442
706	157.72	1577 	3.447
707	157.47	1575 	3.452
708	157.21	1572 	3.457
709	156.96	1570 	3.462
710	156.71	1567 	3.467
711	156.45	1565 	3.472
712	156.20	1562 	3.477
713	155.95	1559 	3.481
714	155.69	1557 	3.486
715	155.44	1554 	3.491
716	155.18	1552 	3.496
717	154.93	1549 	3.501
718	154.67	1547 	3.506
719	154.42	1544 	3.511
720	154.16	1542 	3.516
721	153.90	1539 	3.521
722	153.65	1536 	3.525
723	153.39	1534 	3.530
724	153.13	1531 	3.535
725	152.88	1529 	3.540
726	152.62	1526 	3.545
727	152.36	1524 	3.550
728	152.10	1521 	3.555
729	151.84	1518 	3.560
730	151.58	1516 	3.564
731	151.33	1513 	3.569
732	151.07	1511 	3.574
733	150.81	1508 	3.579
734	150.55	1505 	3.584
735	150.28	1503 	3.589
736	150.02	1500 	3.594
737	149.76	1498 	3.599
738	149.50	1495 	3.604
739	149.24	1492 	3.608
740	148.98	1490 	3.613
741	148.71	1487 	3.618
742	148.45	1485 	3.623
743	148.19	1482 	3.628
744	147.92	1479 	3.633
745	147.66	1477 	3.638
746	147.40	1474 	3.643
747	147.13	1471 	3.647
748	146.86	1469 	3.652
749	146.60	1466 	3.657
750	146.33	1463 	3.662
751	146.07	1461 	3.667
752	145.80	1458 	3.672
753	145.53	1455 	3.677
754	145.27	1453 	3.682
755	145.00	1450 	3.687
756	144.73	1447 	3.691
757	144.46	1445 	3.696
758	144.19	1442 	3.701
759	143.92	1439 	3.706
760	143.65	1437 	3.711
761	143.38	1434 	3.716
762	143.11	1431 	3.721
763	142.84	1428 	3.726
764	142.57	1426 	3.730
765	142.29	1423 	3.735
766	142.02	1420 	3.740
767	141.75	1417 	3.745
768	141.47	1415 	3.750
769	141.20	1412 	3.755
770	140.92	1409 	3.760
771	140.65	1406 	3.765
772	140.37	1404 	3.770
773	140.10	1401 	3.774
774	139.82	1398 	3.779
775	139.54	1395 	3.784
776	139.26	1393 	3.789
777	138.99	1390 	3.794
778	138.71	1387 	3.799
779	138.43	1384 	3.804
780	138.15	1381 	3.809
781	137.87	1379 	3.813
782	137.59	1376 	3.818
783	137.31	1373 	3.823
784	137.02	1370 	3.828
785	136.74	1367 	3.833
786	136.46	1365 	3.838
787	136.17	1362 	3.843
788	135.89	1359 	3.848
789	135.60	1356 	3.853
790	135.32	1353 	3.857
791	135.03	1350 	3.862
792	134.75	1347 	3.867
793	134.46	1345 	3.872
794	134.17	1342 	3.877
795	133.88	1339 	3.882
796	133.59	1336 	3.887
797	133.30	1333 	3.892
798	133.01	1330 	3.896
799	132.72	1327 	3.901
800	132.43	1324 	3.906
801	132.14	1321 	3.911
802	131.84	1318 	3.916
803	131.55	1315 	3.921
804	131.25	1313 	3.926
805	130.96	1310 	3.931
806	130.66	1307 	3.936
807	130.37	1304 	3.940
808	130.07	1301 	3.945
809	129.77	1298 	3.950
810	129.47	1295 	3.955
811	129.17	1292 	3.960
812	128.87	1289 	3.965
813	128.57	1286 	3.970
814	128.27	1283 	3.975
815	127.97	1280 	3.979
816	127.66	1277 	3.984
817	127.36	1274 	3.989
818	127.05	1271 	3.994
819	126.75	1267 	3.999
820	126.44	1264 	4.004
821	126.13	1261 	4.009
822	125.82	1258 	4.014
823	125.52	1255 	4.019
824	125.21	1252 	4.023
825	124.89	1249 	4.028
826	124.58	1246 	4.033
827	124.27	1243 	4.038
828	123.96	1240 	4.043
829	123.64	1236 	4.048
830	123.33	1233 	4.053
831	123.01	1230 	4.058
832	122.69	1227 	4.063
833	122.37	1224 	4.067
834	122.06	1221 	4.072
835	121.74	1217 	4.077
836	121.41	1214 	4.082
837	121.09	1211 	4.087
838	120.77	1208 	4.092
839	120.44	1204 	4.097
840	120.12	1201 	4.102
841	119.79	1198 	4.106
842	119.47	1195 	4.111
843	119.14	1191 	4.116
844	118.81	1188 	4.121
845	118.48	1185 	4.126
846	118.15	1181 	4.131
847	117.81	1178 	4.136
848	117.48	1175 	4.141
849	117.14	1171 	4.146
850	116.81	1168 	4.150
851	116.47	1165 	4.155
852	116.13	1161 	4.160
853	115.79	1158 	4.165
854	115.45	1155 	4.170
855	115.11	1151 	4.175
856	114.77	1148 	4.180
857	114.42	1144 	4.185
858	114.08	1141 	4.189
859	113.73	1137 	4.194
860	113.38	1134 	4.199
861	113.03	1130 	4.204
862	112.68	1127 	4.209
863	112.33	1123 	4.214
864	111.97	1120 	4.219
865	111.62	1116 	4.224
866	111.26	1113 	4.229
867	110.90	1109 	4.233
868	110.54	1105 	4.238
869	110.18	1102 	4.243
870	109.82	1098 	4.248
871	109.45	1095 	4.253
872	109.09	1091 	4.258
873	108.72	1087 	4.263
874	108.35	1084 	4.268
875	107.98	1080 	4.272
876	107.61	1076 	4.277
877	107.24	1072 	4.282
878	106.86	1069 	4.287
879	106.48	1065 	4.292
880	106.10	1061 	4.297
881	105.72	1057 	4.302
882	105.34	1053 	4.307
883	104.96	1050 	4.312
884	104.57	1046 	4.316
885	104.18	1042 	4.321
886	103.79	1038 	4.326
887	103.40	1034 	4.331
888	103.01	1030 	4.336
889	102.61	1026 	4.341
890	102.22	1022 	4.346
891	101.82	1018 	4.351
892	101.42	1014 	4.355
893	101.01	1010 	4.360
894	100.61	1006 	4.365
895	100.20	1002 	4.370
896	99.79	998 	4.375
897	99.38	994 	4.380
898	98.96	990 	4.385
899	98.55	985 	4.390
900	98.13	981 	4.395
901	97.71	977 	4.399
902	97.28	973 	4.404
903	96.86	969 	4.409
904	96.43	964 	4.414
905	96.00	960 	4.419
906	95.57	956 	4.424
907	95.13	951 	4.429
908	94.69	947 	4.434
909	94.25	942 	4.438
910	93.81	938 	4.443
911	93.36	934 	4.448
912	92.91	929 	4.453
913	92.46	925 	4.458
914	92.00	920 	4.463
915	91.54	915 	4.468
916	91.08	911 	4.473
917	90.62	906 	4.478
918	90.15	901 	4.482
919	89.68	897 	4.487
920	89.20	892 	4.492
921	88.73	887 	4.497
922	88.25	882 	4.502
923	87.76	878 	4.507
924	87.27	873 	4.512
925	86.78	868 	4.517
926	86.29	863 	4.521
927	85.79	858 	4.526
928	85.29	853 	4.531
929	84.78	848 	4.536
930	84.27	843 	4.541
931	83.76	838 	4.546
932	83.24	832 	4.551
933	82.71	827 	4.556
934	82.19	822 	4.561
935	81.66	817 	4.565
936	81.12	811 	4.570
937	80.58	806 	4.575
938	80.03	800 	4.580
939	79.48	795 	4.585
940	78.93	789 	4.590
941	78.37	784 	4.595
942	77.81	778 	4.600
943	77.24	772 	4.604
944	76.66	767 	4.609
945	76.08	761 	4.614
946	75.49	755 	4.619
947	74.90	749 	4.624
948	74.30	743 	4.629
949	73.70	737 	4.634
950	73.08	731 	4.639
951	72.47	725 	4.644
952	71.84	718 	4.648
953	71.21	712 	4.653
954	70.58	706 	4.658
955	69.93	699 	4.663
956	69.28	693 	4.668
957	68.62	686 	4.673
958	67.95	680 	4.678
959	67.28	673 	4.683
960	66.59	666 	4.688
961	65.90	659 	4.692
962	65.20	652 	4.697
963	64.49	645 	4.702
964	63.77	638 	4.707
965	63.04	630 	4.712
966	62.30	623 	4.717
967	61.55	616 	4.722
968	60.79	608 	4.727
969	60.02	600 	4.731
970	59.24	592 	4.736
971	58.45	584 	4.741
972	57.64	576 	4.746
973	56.82	568 	4.751
974	55.99	560 	4.756
975	55.14	551 	4.761
976	54.28	543 	4.766
977	53.41	534 	4.771
978	52.52	525 	4.775
979	51.61	516 	4.780
980	50.69	507 	4.785
981	49.75	498 	4.790
982	48.79	488 	4.795
983	47.81	478 	4.800
984	46.82	468 	4.805
985	45.80	458 	4.810
986	44.76	448 	4.814
987	43.69	437 	4.819
988	42.60	426 	4.824
989	41.49	415 	4.829
990	40.35	403 	4.834
991	39.18	392 	4.839
992	37.98	380 	4.844
993	36.74	367 	4.849
994	35.48	355 	4.854
995	34.17	342 	4.858
996	32.83	328 	4.863
997	31.44	314 	4.868
998	30.01	300 	4.873
999	28.53	285 	4.878
1000	27.00	270 	4.883
1001	25.41	254 	4.888
1002	23.76	238 	4.893
1003	22.04	220 	4.897
1004	20.25	202 	4.902
1005	18.37	184 	4.907
1006	16.41	164 	4.912
1007	14.35	143 	4.917
1008	12.17	122 	4.922
1009	9.86	99 	4.927
1010	7.41	74 	4.932
1011	4.80	48 	4.937
1012	1.99	20 	4.941
1013	-1.05	-11 	4.946
1014	-4.37	-44 	4.951
1015	-8.01	-80 	4.956
1016	-12.08	-121 	4.961
1017	-16.69	-167 	4.966
1018	-22.01	-220 	4.971
1019	-28.37	-284 	4.976
1020	-36.31	-363 	4.980
1021	70.00	700 	4.985
1022	70.00	700 	4.990
1023	70.00	700 	4.995
